DEBUG main org.apache.commons.beanutils.converters.BooleanConverter - Setting default value: false
DEBUG main org.apache.commons.beanutils.converters.BooleanConverter - Converting 'Boolean' value 'false' to type 'Boolean'
DEBUG main org.apache.commons.beanutils.converters.BooleanConverter -     No conversion required, value is already a Boolean
DEBUG main org.apache.commons.beanutils.converters.ByteConverter - Setting default value: 0
DEBUG main org.apache.commons.beanutils.converters.ByteConverter - Converting 'Integer' value '0' to type 'Byte'
DEBUG main org.apache.commons.beanutils.converters.ByteConverter -     Converted to Byte value '0'
DEBUG main org.apache.commons.beanutils.converters.CharacterConverter - Setting default value:  
DEBUG main org.apache.commons.beanutils.converters.CharacterConverter - Converting 'Character' value ' ' to type 'Character'
DEBUG main org.apache.commons.beanutils.converters.CharacterConverter -     No conversion required, value is already a Character
DEBUG main org.apache.commons.beanutils.converters.DoubleConverter - Setting default value: 0
DEBUG main org.apache.commons.beanutils.converters.DoubleConverter - Converting 'Integer' value '0' to type 'Double'
DEBUG main org.apache.commons.beanutils.converters.DoubleConverter -     Converted to Double value '0.0'
DEBUG main org.apache.commons.beanutils.converters.FloatConverter - Setting default value: 0
DEBUG main org.apache.commons.beanutils.converters.FloatConverter - Converting 'Integer' value '0' to type 'Float'
DEBUG main org.apache.commons.beanutils.converters.FloatConverter -     Converted to Float value '0.0'
DEBUG main org.apache.commons.beanutils.converters.IntegerConverter - Setting default value: 0
DEBUG main org.apache.commons.beanutils.converters.IntegerConverter - Converting 'Integer' value '0' to type 'Integer'
DEBUG main org.apache.commons.beanutils.converters.IntegerConverter -     No conversion required, value is already a Integer
DEBUG main org.apache.commons.beanutils.converters.LongConverter - Setting default value: 0
DEBUG main org.apache.commons.beanutils.converters.LongConverter - Converting 'Integer' value '0' to type 'Long'
DEBUG main org.apache.commons.beanutils.converters.LongConverter -     Converted to Long value '0'
DEBUG main org.apache.commons.beanutils.converters.ShortConverter - Setting default value: 0
DEBUG main org.apache.commons.beanutils.converters.ShortConverter - Converting 'Integer' value '0' to type 'Short'
DEBUG main org.apache.commons.beanutils.converters.ShortConverter -     Converted to Short value '0'
DEBUG main org.apache.commons.beanutils.converters.BigDecimalConverter - Setting default value: 0.0
DEBUG main org.apache.commons.beanutils.converters.BigDecimalConverter - Converting 'BigDecimal' value '0.0' to type 'BigDecimal'
DEBUG main org.apache.commons.beanutils.converters.BigDecimalConverter -     No conversion required, value is already a BigDecimal
DEBUG main org.apache.commons.beanutils.converters.BigIntegerConverter - Setting default value: 0
DEBUG main org.apache.commons.beanutils.converters.BigIntegerConverter - Converting 'BigInteger' value '0' to type 'BigInteger'
DEBUG main org.apache.commons.beanutils.converters.BigIntegerConverter -     No conversion required, value is already a BigInteger
DEBUG main org.apache.commons.beanutils.converters.BooleanConverter - Setting default value: false
DEBUG main org.apache.commons.beanutils.converters.BooleanConverter - Converting 'Boolean' value 'false' to type 'Boolean'
DEBUG main org.apache.commons.beanutils.converters.BooleanConverter -     No conversion required, value is already a Boolean
DEBUG main org.apache.commons.beanutils.converters.ByteConverter - Setting default value: 0
DEBUG main org.apache.commons.beanutils.converters.ByteConverter - Converting 'Integer' value '0' to type 'Byte'
DEBUG main org.apache.commons.beanutils.converters.ByteConverter -     Converted to Byte value '0'
DEBUG main org.apache.commons.beanutils.converters.CharacterConverter - Setting default value:  
DEBUG main org.apache.commons.beanutils.converters.CharacterConverter - Converting 'Character' value ' ' to type 'Character'
DEBUG main org.apache.commons.beanutils.converters.CharacterConverter -     No conversion required, value is already a Character
DEBUG main org.apache.commons.beanutils.converters.DoubleConverter - Setting default value: 0
DEBUG main org.apache.commons.beanutils.converters.DoubleConverter - Converting 'Integer' value '0' to type 'Double'
DEBUG main org.apache.commons.beanutils.converters.DoubleConverter -     Converted to Double value '0.0'
DEBUG main org.apache.commons.beanutils.converters.FloatConverter - Setting default value: 0
DEBUG main org.apache.commons.beanutils.converters.FloatConverter - Converting 'Integer' value '0' to type 'Float'
DEBUG main org.apache.commons.beanutils.converters.FloatConverter -     Converted to Float value '0.0'
DEBUG main org.apache.commons.beanutils.converters.IntegerConverter - Setting default value: 0
DEBUG main org.apache.commons.beanutils.converters.IntegerConverter - Converting 'Integer' value '0' to type 'Integer'
DEBUG main org.apache.commons.beanutils.converters.IntegerConverter -     No conversion required, value is already a Integer
DEBUG main org.apache.commons.beanutils.converters.LongConverter - Setting default value: 0
DEBUG main org.apache.commons.beanutils.converters.LongConverter - Converting 'Integer' value '0' to type 'Long'
DEBUG main org.apache.commons.beanutils.converters.LongConverter -     Converted to Long value '0'
DEBUG main org.apache.commons.beanutils.converters.ShortConverter - Setting default value: 0
DEBUG main org.apache.commons.beanutils.converters.ShortConverter - Converting 'Integer' value '0' to type 'Short'
DEBUG main org.apache.commons.beanutils.converters.ShortConverter -     Converted to Short value '0'
DEBUG main org.apache.commons.beanutils.converters.StringConverter - Setting default value: 
DEBUG main org.apache.commons.beanutils.converters.StringConverter - Converting 'String' value '' to type 'String'
DEBUG main org.apache.commons.beanutils.converters.ArrayConverter - Setting default value: [Z@19dfb72a
DEBUG main org.apache.commons.beanutils.converters.ArrayConverter - Converting 'boolean[]' value '[Z@19dfb72a' to type 'boolean[]'
DEBUG main org.apache.commons.beanutils.converters.ArrayConverter -     No conversion required, value is already a boolean[]
DEBUG main org.apache.commons.beanutils.converters.ArrayConverter - Setting default value: [B@17c68925
DEBUG main org.apache.commons.beanutils.converters.ArrayConverter - Converting 'byte[]' value '[B@17c68925' to type 'byte[]'
DEBUG main org.apache.commons.beanutils.converters.ArrayConverter -     No conversion required, value is already a byte[]
DEBUG main org.apache.commons.beanutils.converters.ArrayConverter - Setting default value: [C@7e0ea639
DEBUG main org.apache.commons.beanutils.converters.ArrayConverter - Converting 'char[]' value '[C@7e0ea639' to type 'char[]'
DEBUG main org.apache.commons.beanutils.converters.ArrayConverter -     No conversion required, value is already a char[]
DEBUG main org.apache.commons.beanutils.converters.ArrayConverter - Setting default value: [D@3d24753a
DEBUG main org.apache.commons.beanutils.converters.ArrayConverter - Converting 'double[]' value '[D@3d24753a' to type 'double[]'
DEBUG main org.apache.commons.beanutils.converters.ArrayConverter -     No conversion required, value is already a double[]
DEBUG main org.apache.commons.beanutils.converters.ArrayConverter - Setting default value: [F@59a6e353
DEBUG main org.apache.commons.beanutils.converters.ArrayConverter - Converting 'float[]' value '[F@59a6e353' to type 'float[]'
DEBUG main org.apache.commons.beanutils.converters.ArrayConverter -     No conversion required, value is already a float[]
DEBUG main org.apache.commons.beanutils.converters.ArrayConverter - Setting default value: [I@7a0ac6e3
DEBUG main org.apache.commons.beanutils.converters.ArrayConverter - Converting 'int[]' value '[I@7a0ac6e3' to type 'int[]'
DEBUG main org.apache.commons.beanutils.converters.ArrayConverter -     No conversion required, value is already a int[]
DEBUG main org.apache.commons.beanutils.converters.ArrayConverter - Setting default value: [J@71be98f5
DEBUG main org.apache.commons.beanutils.converters.ArrayConverter - Converting 'long[]' value '[J@71be98f5' to type 'long[]'
DEBUG main org.apache.commons.beanutils.converters.ArrayConverter -     No conversion required, value is already a long[]
DEBUG main org.apache.commons.beanutils.converters.ArrayConverter - Setting default value: [S@6fadae5d
DEBUG main org.apache.commons.beanutils.converters.ArrayConverter - Converting 'short[]' value '[S@6fadae5d' to type 'short[]'
DEBUG main org.apache.commons.beanutils.converters.ArrayConverter -     No conversion required, value is already a short[]
DEBUG main org.apache.commons.beanutils.converters.ArrayConverter - Setting default value: [Ljava.math.BigDecimal;@17f6480
DEBUG main org.apache.commons.beanutils.converters.ArrayConverter - Converting 'BigDecimal[]' value '[Ljava.math.BigDecimal;@17f6480' to type 'BigDecimal[]'
DEBUG main org.apache.commons.beanutils.converters.ArrayConverter -     No conversion required, value is already a BigDecimal[]
DEBUG main org.apache.commons.beanutils.converters.ArrayConverter - Setting default value: [Ljava.math.BigInteger;@2d6e8792
DEBUG main org.apache.commons.beanutils.converters.ArrayConverter - Converting 'BigInteger[]' value '[Ljava.math.BigInteger;@2d6e8792' to type 'BigInteger[]'
DEBUG main org.apache.commons.beanutils.converters.ArrayConverter -     No conversion required, value is already a BigInteger[]
DEBUG main org.apache.commons.beanutils.converters.ArrayConverter - Setting default value: [Ljava.lang.Boolean;@2812cbfa
DEBUG main org.apache.commons.beanutils.converters.ArrayConverter - Converting 'Boolean[]' value '[Ljava.lang.Boolean;@2812cbfa' to type 'Boolean[]'
DEBUG main org.apache.commons.beanutils.converters.ArrayConverter -     No conversion required, value is already a Boolean[]
DEBUG main org.apache.commons.beanutils.converters.ArrayConverter - Setting default value: [Ljava.lang.Byte;@2acf57e3
DEBUG main org.apache.commons.beanutils.converters.ArrayConverter - Converting 'Byte[]' value '[Ljava.lang.Byte;@2acf57e3' to type 'Byte[]'
DEBUG main org.apache.commons.beanutils.converters.ArrayConverter -     No conversion required, value is already a Byte[]
DEBUG main org.apache.commons.beanutils.converters.ArrayConverter - Setting default value: [Ljava.lang.Character;@506e6d5e
DEBUG main org.apache.commons.beanutils.converters.ArrayConverter - Converting 'Character[]' value '[Ljava.lang.Character;@506e6d5e' to type 'Character[]'
DEBUG main org.apache.commons.beanutils.converters.ArrayConverter -     No conversion required, value is already a Character[]
DEBUG main org.apache.commons.beanutils.converters.ArrayConverter - Setting default value: [Ljava.lang.Double;@96532d6
DEBUG main org.apache.commons.beanutils.converters.ArrayConverter - Converting 'Double[]' value '[Ljava.lang.Double;@96532d6' to type 'Double[]'
DEBUG main org.apache.commons.beanutils.converters.ArrayConverter -     No conversion required, value is already a Double[]
DEBUG main org.apache.commons.beanutils.converters.ArrayConverter - Setting default value: [Ljava.lang.Float;@3796751b
DEBUG main org.apache.commons.beanutils.converters.ArrayConverter - Converting 'Float[]' value '[Ljava.lang.Float;@3796751b' to type 'Float[]'
DEBUG main org.apache.commons.beanutils.converters.ArrayConverter -     No conversion required, value is already a Float[]
DEBUG main org.apache.commons.beanutils.converters.ArrayConverter - Setting default value: [Ljava.lang.Integer;@67b64c45
DEBUG main org.apache.commons.beanutils.converters.ArrayConverter - Converting 'Integer[]' value '[Ljava.lang.Integer;@67b64c45' to type 'Integer[]'
DEBUG main org.apache.commons.beanutils.converters.ArrayConverter -     No conversion required, value is already a Integer[]
DEBUG main org.apache.commons.beanutils.converters.ArrayConverter - Setting default value: [Ljava.lang.Long;@4411d970
DEBUG main org.apache.commons.beanutils.converters.ArrayConverter - Converting 'Long[]' value '[Ljava.lang.Long;@4411d970' to type 'Long[]'
DEBUG main org.apache.commons.beanutils.converters.ArrayConverter -     No conversion required, value is already a Long[]
DEBUG main org.apache.commons.beanutils.converters.ArrayConverter - Setting default value: [Ljava.lang.Short;@6442b0a6
DEBUG main org.apache.commons.beanutils.converters.ArrayConverter - Converting 'Short[]' value '[Ljava.lang.Short;@6442b0a6' to type 'Short[]'
DEBUG main org.apache.commons.beanutils.converters.ArrayConverter -     No conversion required, value is already a Short[]
DEBUG main org.apache.commons.beanutils.converters.ArrayConverter - Setting default value: [Ljava.lang.String;@60f82f98
DEBUG main org.apache.commons.beanutils.converters.ArrayConverter - Converting 'String[]' value '[Ljava.lang.String;@60f82f98' to type 'String[]'
DEBUG main org.apache.commons.beanutils.converters.ArrayConverter -     No conversion required, value is already a String[]
DEBUG main org.apache.commons.beanutils.converters.ArrayConverter - Setting default value: [Ljava.lang.Class;@35f983a6
DEBUG main org.apache.commons.beanutils.converters.ArrayConverter - Converting 'Class[]' value '[Ljava.lang.Class;@35f983a6' to type 'Class[]'
DEBUG main org.apache.commons.beanutils.converters.ArrayConverter -     No conversion required, value is already a Class[]
DEBUG main org.apache.commons.beanutils.converters.ArrayConverter - Setting default value: [Ljava.util.Date;@7f690630
DEBUG main org.apache.commons.beanutils.converters.ArrayConverter - Converting 'Date[]' value '[Ljava.util.Date;@7f690630' to type 'Date[]'
DEBUG main org.apache.commons.beanutils.converters.ArrayConverter -     No conversion required, value is already a Date[]
DEBUG main org.apache.commons.beanutils.converters.ArrayConverter - Setting default value: [Ljava.util.Calendar;@2f7a2457
DEBUG main org.apache.commons.beanutils.converters.ArrayConverter - Converting 'Calendar[]' value '[Ljava.util.Calendar;@2f7a2457' to type 'Calendar[]'
DEBUG main org.apache.commons.beanutils.converters.ArrayConverter -     No conversion required, value is already a Calendar[]
DEBUG main org.apache.commons.beanutils.converters.ArrayConverter - Setting default value: [Ljava.io.File;@6108b2d7
DEBUG main org.apache.commons.beanutils.converters.ArrayConverter - Converting 'java.io.File[]' value '[Ljava.io.File;@6108b2d7' to type 'java.io.File[]'
DEBUG main org.apache.commons.beanutils.converters.ArrayConverter -     No conversion required, value is already a java.io.File[]
DEBUG main org.apache.commons.beanutils.converters.ArrayConverter - Setting default value: [Ljava.sql.Date;@6bf256fa
DEBUG main org.apache.commons.beanutils.converters.ArrayConverter - Converting 'java.sql.Date[]' value '[Ljava.sql.Date;@6bf256fa' to type 'java.sql.Date[]'
DEBUG main org.apache.commons.beanutils.converters.ArrayConverter -     No conversion required, value is already a java.sql.Date[]
DEBUG main org.apache.commons.beanutils.converters.ArrayConverter - Setting default value: [Ljava.sql.Time;@22f71333
DEBUG main org.apache.commons.beanutils.converters.ArrayConverter - Converting 'java.sql.Time[]' value '[Ljava.sql.Time;@22f71333' to type 'java.sql.Time[]'
DEBUG main org.apache.commons.beanutils.converters.ArrayConverter -     No conversion required, value is already a java.sql.Time[]
DEBUG main org.apache.commons.beanutils.converters.ArrayConverter - Setting default value: [Ljava.sql.Timestamp;@6aaa5eb0
DEBUG main org.apache.commons.beanutils.converters.ArrayConverter - Converting 'java.sql.Timestamp[]' value '[Ljava.sql.Timestamp;@6aaa5eb0' to type 'java.sql.Timestamp[]'
DEBUG main org.apache.commons.beanutils.converters.ArrayConverter -     No conversion required, value is already a java.sql.Timestamp[]
DEBUG main org.apache.commons.beanutils.converters.ArrayConverter - Setting default value: [Ljava.net.URL;@1a407d53
DEBUG main org.apache.commons.beanutils.converters.ArrayConverter - Converting 'java.net.URL[]' value '[Ljava.net.URL;@1a407d53' to type 'java.net.URL[]'
DEBUG main org.apache.commons.beanutils.converters.ArrayConverter -     No conversion required, value is already a java.net.URL[]
DEBUG main org.apache.commons.beanutils.converters.BooleanConverter - Setting default value: false
DEBUG main org.apache.commons.beanutils.converters.BooleanConverter - Converting 'Boolean' value 'false' to type 'Boolean'
DEBUG main org.apache.commons.beanutils.converters.BooleanConverter -     No conversion required, value is already a Boolean
DEBUG main org.apache.commons.beanutils.converters.ByteConverter - Setting default value: 0
DEBUG main org.apache.commons.beanutils.converters.ByteConverter - Converting 'Integer' value '0' to type 'Byte'
DEBUG main org.apache.commons.beanutils.converters.ByteConverter -     Converted to Byte value '0'
DEBUG main org.apache.commons.beanutils.converters.CharacterConverter - Setting default value:  
DEBUG main org.apache.commons.beanutils.converters.CharacterConverter - Converting 'Character' value ' ' to type 'Character'
DEBUG main org.apache.commons.beanutils.converters.CharacterConverter -     No conversion required, value is already a Character
DEBUG main org.apache.commons.beanutils.converters.DoubleConverter - Setting default value: 0
DEBUG main org.apache.commons.beanutils.converters.DoubleConverter - Converting 'Integer' value '0' to type 'Double'
DEBUG main org.apache.commons.beanutils.converters.DoubleConverter -     Converted to Double value '0.0'
DEBUG main org.apache.commons.beanutils.converters.FloatConverter - Setting default value: 0
DEBUG main org.apache.commons.beanutils.converters.FloatConverter - Converting 'Integer' value '0' to type 'Float'
DEBUG main org.apache.commons.beanutils.converters.FloatConverter -     Converted to Float value '0.0'
DEBUG main org.apache.commons.beanutils.converters.IntegerConverter - Setting default value: 0
DEBUG main org.apache.commons.beanutils.converters.IntegerConverter - Converting 'Integer' value '0' to type 'Integer'
DEBUG main org.apache.commons.beanutils.converters.IntegerConverter -     No conversion required, value is already a Integer
DEBUG main org.apache.commons.beanutils.converters.LongConverter - Setting default value: 0
DEBUG main org.apache.commons.beanutils.converters.LongConverter - Converting 'Integer' value '0' to type 'Long'
DEBUG main org.apache.commons.beanutils.converters.LongConverter -     Converted to Long value '0'
DEBUG main org.apache.commons.beanutils.converters.ShortConverter - Setting default value: 0
DEBUG main org.apache.commons.beanutils.converters.ShortConverter - Converting 'Integer' value '0' to type 'Short'
DEBUG main org.apache.commons.beanutils.converters.ShortConverter -     Converted to Short value '0'
DEBUG main org.apache.commons.beanutils.converters.BigDecimalConverter - Setting default value: 0.0
DEBUG main org.apache.commons.beanutils.converters.BigDecimalConverter - Converting 'BigDecimal' value '0.0' to type 'BigDecimal'
DEBUG main org.apache.commons.beanutils.converters.BigDecimalConverter -     No conversion required, value is already a BigDecimal
DEBUG main org.apache.commons.beanutils.converters.BigIntegerConverter - Setting default value: 0
DEBUG main org.apache.commons.beanutils.converters.BigIntegerConverter - Converting 'BigInteger' value '0' to type 'BigInteger'
DEBUG main org.apache.commons.beanutils.converters.BigIntegerConverter -     No conversion required, value is already a BigInteger
DEBUG main org.apache.commons.beanutils.converters.BooleanConverter - Setting default value: false
DEBUG main org.apache.commons.beanutils.converters.BooleanConverter - Converting 'Boolean' value 'false' to type 'Boolean'
DEBUG main org.apache.commons.beanutils.converters.BooleanConverter -     No conversion required, value is already a Boolean
DEBUG main org.apache.commons.beanutils.converters.ByteConverter - Setting default value: 0
DEBUG main org.apache.commons.beanutils.converters.ByteConverter - Converting 'Integer' value '0' to type 'Byte'
DEBUG main org.apache.commons.beanutils.converters.ByteConverter -     Converted to Byte value '0'
DEBUG main org.apache.commons.beanutils.converters.CharacterConverter - Setting default value:  
DEBUG main org.apache.commons.beanutils.converters.CharacterConverter - Converting 'Character' value ' ' to type 'Character'
DEBUG main org.apache.commons.beanutils.converters.CharacterConverter -     No conversion required, value is already a Character
DEBUG main org.apache.commons.beanutils.converters.DoubleConverter - Setting default value: 0
DEBUG main org.apache.commons.beanutils.converters.DoubleConverter - Converting 'Integer' value '0' to type 'Double'
DEBUG main org.apache.commons.beanutils.converters.DoubleConverter -     Converted to Double value '0.0'
DEBUG main org.apache.commons.beanutils.converters.FloatConverter - Setting default value: 0
DEBUG main org.apache.commons.beanutils.converters.FloatConverter - Converting 'Integer' value '0' to type 'Float'
DEBUG main org.apache.commons.beanutils.converters.FloatConverter -     Converted to Float value '0.0'
DEBUG main org.apache.commons.beanutils.converters.IntegerConverter - Setting default value: 0
DEBUG main org.apache.commons.beanutils.converters.IntegerConverter - Converting 'Integer' value '0' to type 'Integer'
DEBUG main org.apache.commons.beanutils.converters.IntegerConverter -     No conversion required, value is already a Integer
DEBUG main org.apache.commons.beanutils.converters.LongConverter - Setting default value: 0
DEBUG main org.apache.commons.beanutils.converters.LongConverter - Converting 'Integer' value '0' to type 'Long'
DEBUG main org.apache.commons.beanutils.converters.LongConverter -     Converted to Long value '0'
DEBUG main org.apache.commons.beanutils.converters.ShortConverter - Setting default value: 0
DEBUG main org.apache.commons.beanutils.converters.ShortConverter - Converting 'Integer' value '0' to type 'Short'
DEBUG main org.apache.commons.beanutils.converters.ShortConverter -     Converted to Short value '0'
DEBUG main org.apache.commons.beanutils.converters.StringConverter - Setting default value: 
DEBUG main org.apache.commons.beanutils.converters.StringConverter - Converting 'String' value '' to type 'String'
DEBUG main org.apache.commons.beanutils.converters.ArrayConverter - Setting default value: [Z@39ba5a14
DEBUG main org.apache.commons.beanutils.converters.ArrayConverter - Converting 'boolean[]' value '[Z@39ba5a14' to type 'boolean[]'
DEBUG main org.apache.commons.beanutils.converters.ArrayConverter -     No conversion required, value is already a boolean[]
DEBUG main org.apache.commons.beanutils.converters.ArrayConverter - Setting default value: [B@511baa65
DEBUG main org.apache.commons.beanutils.converters.ArrayConverter - Converting 'byte[]' value '[B@511baa65' to type 'byte[]'
DEBUG main org.apache.commons.beanutils.converters.ArrayConverter -     No conversion required, value is already a byte[]
DEBUG main org.apache.commons.beanutils.converters.ArrayConverter - Setting default value: [C@340f438e
DEBUG main org.apache.commons.beanutils.converters.ArrayConverter - Converting 'char[]' value '[C@340f438e' to type 'char[]'
DEBUG main org.apache.commons.beanutils.converters.ArrayConverter -     No conversion required, value is already a char[]
DEBUG main org.apache.commons.beanutils.converters.ArrayConverter - Setting default value: [D@30c7da1e
DEBUG main org.apache.commons.beanutils.converters.ArrayConverter - Converting 'double[]' value '[D@30c7da1e' to type 'double[]'
DEBUG main org.apache.commons.beanutils.converters.ArrayConverter -     No conversion required, value is already a double[]
DEBUG main org.apache.commons.beanutils.converters.ArrayConverter - Setting default value: [F@5b464ce8
DEBUG main org.apache.commons.beanutils.converters.ArrayConverter - Converting 'float[]' value '[F@5b464ce8' to type 'float[]'
DEBUG main org.apache.commons.beanutils.converters.ArrayConverter -     No conversion required, value is already a float[]
DEBUG main org.apache.commons.beanutils.converters.ArrayConverter - Setting default value: [I@57829d67
DEBUG main org.apache.commons.beanutils.converters.ArrayConverter - Converting 'int[]' value '[I@57829d67' to type 'int[]'
DEBUG main org.apache.commons.beanutils.converters.ArrayConverter -     No conversion required, value is already a int[]
DEBUG main org.apache.commons.beanutils.converters.ArrayConverter - Setting default value: [J@19dfb72a
DEBUG main org.apache.commons.beanutils.converters.ArrayConverter - Converting 'long[]' value '[J@19dfb72a' to type 'long[]'
DEBUG main org.apache.commons.beanutils.converters.ArrayConverter -     No conversion required, value is already a long[]
DEBUG main org.apache.commons.beanutils.converters.ArrayConverter - Setting default value: [S@17c68925
DEBUG main org.apache.commons.beanutils.converters.ArrayConverter - Converting 'short[]' value '[S@17c68925' to type 'short[]'
DEBUG main org.apache.commons.beanutils.converters.ArrayConverter -     No conversion required, value is already a short[]
DEBUG main org.apache.commons.beanutils.converters.ArrayConverter - Setting default value: [Ljava.math.BigDecimal;@7e0ea639
DEBUG main org.apache.commons.beanutils.converters.ArrayConverter - Converting 'BigDecimal[]' value '[Ljava.math.BigDecimal;@7e0ea639' to type 'BigDecimal[]'
DEBUG main org.apache.commons.beanutils.converters.ArrayConverter -     No conversion required, value is already a BigDecimal[]
DEBUG main org.apache.commons.beanutils.converters.ArrayConverter - Setting default value: [Ljava.math.BigInteger;@3d24753a
DEBUG main org.apache.commons.beanutils.converters.ArrayConverter - Converting 'BigInteger[]' value '[Ljava.math.BigInteger;@3d24753a' to type 'BigInteger[]'
DEBUG main org.apache.commons.beanutils.converters.ArrayConverter -     No conversion required, value is already a BigInteger[]
DEBUG main org.apache.commons.beanutils.converters.ArrayConverter - Setting default value: [Ljava.lang.Boolean;@59a6e353
DEBUG main org.apache.commons.beanutils.converters.ArrayConverter - Converting 'Boolean[]' value '[Ljava.lang.Boolean;@59a6e353' to type 'Boolean[]'
DEBUG main org.apache.commons.beanutils.converters.ArrayConverter -     No conversion required, value is already a Boolean[]
DEBUG main org.apache.commons.beanutils.converters.ArrayConverter - Setting default value: [Ljava.lang.Byte;@7a0ac6e3
DEBUG main org.apache.commons.beanutils.converters.ArrayConverter - Converting 'Byte[]' value '[Ljava.lang.Byte;@7a0ac6e3' to type 'Byte[]'
DEBUG main org.apache.commons.beanutils.converters.ArrayConverter -     No conversion required, value is already a Byte[]
DEBUG main org.apache.commons.beanutils.converters.ArrayConverter - Setting default value: [Ljava.lang.Character;@71be98f5
DEBUG main org.apache.commons.beanutils.converters.ArrayConverter - Converting 'Character[]' value '[Ljava.lang.Character;@71be98f5' to type 'Character[]'
DEBUG main org.apache.commons.beanutils.converters.ArrayConverter -     No conversion required, value is already a Character[]
DEBUG main org.apache.commons.beanutils.converters.ArrayConverter - Setting default value: [Ljava.lang.Double;@6fadae5d
DEBUG main org.apache.commons.beanutils.converters.ArrayConverter - Converting 'Double[]' value '[Ljava.lang.Double;@6fadae5d' to type 'Double[]'
DEBUG main org.apache.commons.beanutils.converters.ArrayConverter -     No conversion required, value is already a Double[]
DEBUG main org.apache.commons.beanutils.converters.ArrayConverter - Setting default value: [Ljava.lang.Float;@17f6480
DEBUG main org.apache.commons.beanutils.converters.ArrayConverter - Converting 'Float[]' value '[Ljava.lang.Float;@17f6480' to type 'Float[]'
DEBUG main org.apache.commons.beanutils.converters.ArrayConverter -     No conversion required, value is already a Float[]
DEBUG main org.apache.commons.beanutils.converters.ArrayConverter - Setting default value: [Ljava.lang.Integer;@2d6e8792
DEBUG main org.apache.commons.beanutils.converters.ArrayConverter - Converting 'Integer[]' value '[Ljava.lang.Integer;@2d6e8792' to type 'Integer[]'
DEBUG main org.apache.commons.beanutils.converters.ArrayConverter -     No conversion required, value is already a Integer[]
DEBUG main org.apache.commons.beanutils.converters.ArrayConverter - Setting default value: [Ljava.lang.Long;@2812cbfa
DEBUG main org.apache.commons.beanutils.converters.ArrayConverter - Converting 'Long[]' value '[Ljava.lang.Long;@2812cbfa' to type 'Long[]'
DEBUG main org.apache.commons.beanutils.converters.ArrayConverter -     No conversion required, value is already a Long[]
DEBUG main org.apache.commons.beanutils.converters.ArrayConverter - Setting default value: [Ljava.lang.Short;@2acf57e3
DEBUG main org.apache.commons.beanutils.converters.ArrayConverter - Converting 'Short[]' value '[Ljava.lang.Short;@2acf57e3' to type 'Short[]'
DEBUG main org.apache.commons.beanutils.converters.ArrayConverter -     No conversion required, value is already a Short[]
DEBUG main org.apache.commons.beanutils.converters.ArrayConverter - Setting default value: [Ljava.lang.String;@506e6d5e
DEBUG main org.apache.commons.beanutils.converters.ArrayConverter - Converting 'String[]' value '[Ljava.lang.String;@506e6d5e' to type 'String[]'
DEBUG main org.apache.commons.beanutils.converters.ArrayConverter -     No conversion required, value is already a String[]
DEBUG main org.apache.commons.beanutils.converters.ArrayConverter - Setting default value: [Ljava.lang.Class;@96532d6
DEBUG main org.apache.commons.beanutils.converters.ArrayConverter - Converting 'Class[]' value '[Ljava.lang.Class;@96532d6' to type 'Class[]'
DEBUG main org.apache.commons.beanutils.converters.ArrayConverter -     No conversion required, value is already a Class[]
DEBUG main org.apache.commons.beanutils.converters.ArrayConverter - Setting default value: [Ljava.util.Date;@3796751b
DEBUG main org.apache.commons.beanutils.converters.ArrayConverter - Converting 'Date[]' value '[Ljava.util.Date;@3796751b' to type 'Date[]'
DEBUG main org.apache.commons.beanutils.converters.ArrayConverter -     No conversion required, value is already a Date[]
DEBUG main org.apache.commons.beanutils.converters.ArrayConverter - Setting default value: [Ljava.util.Calendar;@4411d970
DEBUG main org.apache.commons.beanutils.converters.ArrayConverter - Converting 'Calendar[]' value '[Ljava.util.Calendar;@4411d970' to type 'Calendar[]'
DEBUG main org.apache.commons.beanutils.converters.ArrayConverter -     No conversion required, value is already a Calendar[]
DEBUG main org.apache.commons.beanutils.converters.ArrayConverter - Setting default value: [Ljava.io.File;@60f82f98
DEBUG main org.apache.commons.beanutils.converters.ArrayConverter - Converting 'java.io.File[]' value '[Ljava.io.File;@60f82f98' to type 'java.io.File[]'
DEBUG main org.apache.commons.beanutils.converters.ArrayConverter -     No conversion required, value is already a java.io.File[]
DEBUG main org.apache.commons.beanutils.converters.ArrayConverter - Setting default value: [Ljava.sql.Date;@7f690630
DEBUG main org.apache.commons.beanutils.converters.ArrayConverter - Converting 'java.sql.Date[]' value '[Ljava.sql.Date;@7f690630' to type 'java.sql.Date[]'
DEBUG main org.apache.commons.beanutils.converters.ArrayConverter -     No conversion required, value is already a java.sql.Date[]
DEBUG main org.apache.commons.beanutils.converters.ArrayConverter - Setting default value: [Ljava.sql.Time;@2f7a2457
DEBUG main org.apache.commons.beanutils.converters.ArrayConverter - Converting 'java.sql.Time[]' value '[Ljava.sql.Time;@2f7a2457' to type 'java.sql.Time[]'
DEBUG main org.apache.commons.beanutils.converters.ArrayConverter -     No conversion required, value is already a java.sql.Time[]
DEBUG main org.apache.commons.beanutils.converters.ArrayConverter - Setting default value: [Ljava.sql.Timestamp;@6108b2d7
DEBUG main org.apache.commons.beanutils.converters.ArrayConverter - Converting 'java.sql.Timestamp[]' value '[Ljava.sql.Timestamp;@6108b2d7' to type 'java.sql.Timestamp[]'
DEBUG main org.apache.commons.beanutils.converters.ArrayConverter -     No conversion required, value is already a java.sql.Timestamp[]
DEBUG main org.apache.commons.beanutils.converters.ArrayConverter - Setting default value: [Ljava.net.URL;@6bf256fa
DEBUG main org.apache.commons.beanutils.converters.ArrayConverter - Converting 'java.net.URL[]' value '[Ljava.net.URL;@6bf256fa' to type 'java.net.URL[]'
DEBUG main org.apache.commons.beanutils.converters.ArrayConverter -     No conversion required, value is already a java.net.URL[]
